#
# A fatal error has been detected by the Java Runtime Environment:
#
#  EXCEPTION_ACCESS_VIOLATION (0xc0000005) at pc=0x000000006ec91620, pid=6244, tid=6624
#
# JRE version: 7.0_11-b21
# Java VM: Java HotSpot(TM) 64-Bit Server VM (23.6-b04 mixed mode windows-amd64 compressed oops)
# Problematic frame:
# V  [jvm.dll+0x311620]
#
# Failed to write core dump. Minidumps are not enabled by default on client versions of Windows
#
# If you would like to submit a bug report, please visit:
#   http://bugreport.sun.com/bugreport/crash.jsp
#

---------------  T H R E A D  ---------------

Current thread (0x000000000a8c4800):  VMThread [stack: 0x000000000abd0000,0x000000000acd0000] [id=6624]

siginfo: ExceptionCode=0xc0000005, reading address 0x00000000000000a8

Registers:
RAX=0x0000000000000000, RBX=0x00000000f233e738, RCX=0x00000000f2c32de0, RDX=0x00000000f233e738
RSP=0x000000000accf420, RBP=0x0000000002540620, RSI=0x0000000000000028, RDI=0x00000000f232e468
R8 =0x0000000000000000, R9 =0x0000000000000000, R10=0x8900738800870073, R11=0x00000000f232e468
R12=0x00000000f4c9f758, R13=0x000000000000000c, R14=0x000000000a8b9110, R15=0x0000000000000001
RIP=0x000000006ec91620, EFLAGS=0x0000000000010246

Top of Stack: (sp=0x000000000accf420)
0x000000000accf420:   0000000002540620 00000000f4c9f758
0x000000000accf430:   000000000241abd0 000000006ea1c551
0x000000000accf440:   000000006effa5d0 0000000000000001
0x000000000accf450:   00000000024f6060 00000000024f6060
0x000000000accf460:   000000000241abd0 0000000000000000
0x000000000accf470:   0000000002540620 000000006ea1bf6c
0x000000000accf480:   0000000000000001 0000000000000000
0x000000000accf490:   000000000241abd0 000000000a8b9110
0x000000000accf4a0:   00000000024f6060 000000006ea1d86f
0x000000000accf4b0:   00000000024f6060 0000000000000002
0x000000000accf4c0:   000000006ee8ba40 0000000002540600
0x000000000accf4d0:   00000000026adba0 0000000002010100
0x000000000accf4e0:   0000000000010100 0000000000000000
0x000000000accf4f0:   00000000b4450000 000000000a8b9100
0x000000000accf500:   00000000026adba0 00000000026adba0
0x000000000accf510:   000000000241abd0 000000006ea1e16e 

Instructions: (pc=0x000000006ec91620)
0x000000006ec91600:   0f b6 c8 49 8d 04 10 49 f7 d0 4c 03 c8 49 c1 e8
0x000000006ec91610:   03 49 c1 e9 03 45 23 c8 eb 0f 48 8b 01 48 8b d3
0x000000006ec91620:   ff 90 a8 00 00 00 44 8b c8 48 8b 05 a0 0b 3a 00
0x000000006ec91630:   48 63 15 79 84 36 00 48 8b 3b 49 63 c9 48 3b c8 


Register to memory mapping:

RAX=0x0000000000000000 is an unknown value
RBX=