#
# A fatal error has been detected by the Java Runtime Environment:
#
#  EXCEPTION_ACCESS_VIOLATION (0xc0000005) at pc=0x000000006e461620, pid=5048, tid=7612
#
# JRE version: 7.0_11-b21
# Java VM: Java HotSpot(TM) 64-Bit Server VM (23.6-b04 mixed mode windows-amd64 compressed oops)
# Problematic frame:
# V  [jvm.dll+0x311620]
#
# Failed to write core dump. Minidumps are not enabled by default on client versions of Windows
#
# If you would like to submit a bug report, please visit:
#   http://bugreport.sun.com/bugreport/crash.jsp
#

---------------  T H R E A D  ---------------

Current thread (0x000000000a894800):  VMThread [stack: 0x000000000ae80000,0x000000000af80000] [id=7612]

siginfo: ExceptionCode=0xc0000005, reading address 0x00000000000000a8

Registers:
RAX=0x0000000000000000, RBX=0x00000000f23348d8, RCX=0x00000000f2d311c0, RDX=0x00000000f23348d8
RSP=0x000000000af7efa0, RBP=0x00000000024aed40, RSI=0x0000000000000058, RDI=0x00000000f2331390
R8 =0x0000000000000000, R9 =0x0000000000000000, R10=0x5a35002700493400, R11=0x00000000f2331390
R12=0x00000000f4f0e2f0, R13=0x000000000000000c, R14=0x000000000a889910, R15=0x0000000000000001
RIP=0x000000006e461620, EFLAGS=0x0000000000010246

Top of Stack: (sp=0x000000000af7efa0)
0x000000000af7efa0:   00000000024aed40 00000000f4f0e2f0
0x000000000af7efb0:   00000000022db4d0 000000006e1ec551
0x000000000af7efc0:   000000006e7ca5d0 0000000000000001
0x000000000af7efd0:   00000000024aeb50 00000000024aeb50
0x000000000af7efe0:   00000000022db4d0 0000000000000000
0x000000000af7eff0:   00000000024aed40 000000006e1ebf6c
0x000000000af7f000:   0000000000000001 0000000000000000
0x000000000af7f010:   00000000022db4d0 000000000a889910
0x000000000af7f020:   00000000024aeb50 000000006e1ed86f
0x000000000af7f030:   00000000024aeb50 0000000000000002
0x000000000af7f040:   000000006e65ba40 00000000024aed00
0x000000000af7f050:   000000000261dba0 0000000002010100
0x000000000af7f060:   0000000000010100 0000000000000000
0x000000000af7f070:   00000000b4450000 000000000a889900
0x000000000af7f080:   000000000261dba0 000000000261dba0
0x000000000af7f090:   00000000022db4d0 000000006e1ee16e 

Instructions: (pc=0x000000006e461620)
0x000000006e461600:   0f b6 c8 49 8d 04 10 49 f7 d0 4c 03 c8 49 c1 e8
0x000000006e461610:   03 49 c1 e9 03 45 23 c8 eb 0f 48 8b 01 48 8b d3
0x000000006e461620:   ff 90 a8 00 00 00 44 8b c8 48 8b 05 a0 0b 3a 00
0x000000006e461630:   48 63 15 79 84 36 00 48 8b 3b 49 63 c9 48 3b c8 


Register to memory mapping:

RAX=0x0000000000000000 is an unknown value
RBX=
[error occurred during error reporting (printing register info), id 0xc0000005]

Stack: [0x000000000ae80000,0x000000000af80000],  sp=0x000000000af7efa0,  free space=1019k
Native frames: (J=compiled Java code, j=interpreted, Vv=VM code, C=native code)
V  [jvm.dll+0x311620]

VM_Operation (0x000000000d40dde0): GenCollectFull, mode: safepoint, requested by thread 0x000000000c858000


---------------  P R O C E S S  ---------------

Java Threads: ( => current thread )
  0x000000000e468800 JavaThread "Unknown thread" [_thread_blocked, id=3488, stack(0x0000000014510000,0x0000000014610000)]
  0x000000000e468000 JavaThread "Unknown thread" [_thread_blocked, id=6840, stack(0x000000001b820000,0x000000001b920000)]
  0x0000000012d7a000 JavaThread "Unknown thread" [_thread_blocked, id=2528, stack(0x000000001b550000,0x000000001b650000)]
  0x0000000012d79800 JavaThread "Unknown thread" [_thread_blocked, id=8132, stack(0x000000001b410000,0x000000001b510000)]
  0x0000000012d78800 JavaThread "Unknown thread" [_thread_blocked, id=8096, stack(0x000000001b2e0000,0x000000001b3e0000)]
  0x0000000012d78000 JavaThread "Unknown thread" [_thread_blocked, id=8012, stack(0x000000001b120000,0x000000001b220000)]
  0x0000000012d77000 JavaThread "Unknown thread" [_thread_blocked, id=3444, stack(0x000000001afa0000,0x000000001b0a0000)]
  0x0000000012d76800 JavaThread "Unknown thread" [_thread_blocked, id=3084, stack(0x000000001ada0000,0x000000001aea0000)]
  0x0000000012d75800 JavaThread "Unknown thread" [_thread_blocked, id=5540, stack(0x000000001ac40000,0x000000001ad40000)]
  0x0000000012d75000 JavaThread "Unknown thread" [_thread_blocked, id=6868, stack(0x000000001ab40000,0x000000001ac40000)]
  0x0000000012d74000 JavaThread "Unknown thread" [_thread_blocked, id=4016, stack(0x00000000179e0000,0x0000000017ae0000)]
  0x0000000012d73800 JavaThread "Unknown thread" [_thread_blocked, id=4216, stack(0x00000000177f0000,0x00000000178f0000)]
  0x000000000e19d800 JavaThread "Unknown thread" [_thread_blocked, id=3380, stack(0x0000000017480000,0x0000000017580000)]
  0x000000000e19d000 JavaThread "Unknown thread" [_thread_blocked, id=5720, stack(0x00000000175d0000,0x00000000176d0000)]
  0x000000000e197000 JavaThread "Unknown thread" [_thread_blocked, id=6896, stack(0x00000000142c0000,0x00000000143c0000)]
  0x000000000e19c000 JavaThread "Unknown thread" [_thread_blocked, id=4796, stack(0x0000000017360000,0x0000000017460000)]
  0x000000000e19b800 
[error occurred during error reporting (printing all threads), id 0xc0000005]

VM state:at safepoint (normal execution)

VM Mutex/Monitor currently owned by a thread:  ([mutex/lock_event])
[0x0000000001e0ddf0] Threads_lock - owner thread: 0x000000000a894800
[0x0000000001e0e370] Heap_lock - owner thread: 0x000000000c858000

Heap
 par new generation   total 78656K, used 26323K [0x00000000b0000000, 0x00000000b5550000, 0x00000000c4cc0000)
  eden space 69952K,  29% used [0x00000000b0000000, 0x00000000b13dd450, 0x00000000b4450000)
  from space 8704K,  68% used [0x00000000b4cd0000, 0x00000000b52a7b18, 0x00000000b5550000)
  to   space 8704K,   0% used [0x00000000b4450000, 0x00000000b4450000, 0x00000000b4cd0000)
 concurrent mark-sweep generation total 174784K, used 19095K [0x00000000c4cc0000, 0x00000000cf770000, 0x00000000f0000000)
 concurrent-mark-sweep perm gen total 93328K, used 60696K [0x00000000f0000000, 0x00000000f5b24000, 0x0000000100000000)

Card table byte_map: [0x0000000006320000,0x00000000065b0000] byte_map_base: 0x0000000005da0000

Polling page: 0x0000000001bb0000

Code Cache  [0x0000000002ab0000, 0x0000000002e30000, 0x0000000005ab0000)
 total_blobs=1563 nmethods=614 adapters=908 free_code_cache=45671Kb largest_free_block=46720384

Compilation events (10 events):
Event: 47.204 Thread 0x000000000aa37800  663             java.awt.geom.RoundRectIterator::isDone (17 bytes)
Event: 47.205 Thread 0x000000000aa37800 nmethod 663 0x0000000002e0ccd0 code [0x0000000002e0ce00, 0x0000000002e0ceb8]
Event: 47.236 Thread 0x000000000aa37000  664             com.sun.beans.finder.AbstractFinder::find (445 bytes)
Event: 47.261 Thread 0x000000000aa37000 nmethod 664 0x0000000002e1ee90 code [0x0000000002e1f120, 0x0000000002e205f0]
Event: 47.560 Thread 0x000000000aa37800  665             javax.swing.text.GapContent$MarkData::getOffset (46 bytes)
Event: 47.560 Thread 0x000000000aa37000  666             java.util.Vector::ensureCapacityHelper (16 bytes)
Event: 47.562 Thread 0x000000000aa37800 nmethod 665 0x0000000002b9bd50 code [0x0000000002b9be80, 0x0000000002b9bf18]
Event: 47.562 Thread 0x000000000aa37800  667             javax.swing.text.GapContent$StickyPosition::getOffset (8 bytes)
Event: 47.562 Thread 0x000000000aa37000 nmethod 666 0x0000000002b9ba10 code [0x0000000002b9bb60, 0x0000000002b9bc28]
Event: 47.563 Thread 0x000000000aa37800 nmethod 667 0x0000000002e0fd50 code [0x0000000002e0fea0, 0x0000000002e0ff78]

GC Heap History (10 events):
Event: 45.778 GC heap after
Heap after GC invocations=13 (full 3):
 par new generation   total 78656K, used 4819K [0x00000000b0000000, 0x00000000b5550000, 0x00000000c4cc0000)
  eden space 69952K,   0% used [0x00000000b0000000, 0x00000000b0000000, 0x00000000b4450000)
  from space 8704K,  55% used [0x00000000b4cd0000, 0x00000000b5184d90, 0x00000000b5550000)
  to   space 8704K,   0% used [0x00000000b4450000, 0x00000000b4450000, 0x00000000b4cd0000)
 concurrent mark-sweep generation total 174784K, used 16552K [0x00000000c4cc0000, 0x00000000cf770000, 0x00000000f0000000)
 concurrent-mark-sweep perm gen total 93328K, used 59469K [0x00000000f0000000, 0x00000000f5b24000, 0x0000000100000000)
}
Event: 45.940 GC heap before
{Heap before GC invocations=13 (full 3):
 par new generation   total 78656K, used 74771K [0x00000000b0000000, 0x00000000b5550000, 0x00000000c4cc0000)
  eden space 69952K, 100% used [0x00000000b0000000, 0x00000000b4450000, 0x00000000b4450000)
  from space 8704K,  55% used [0x00000000b4cd0000, 0x00000000b5184d90, 0x00000000b5550000)
  to   space 8704K,   0% used [0x00000000b4450000, 0x00000000b4450000, 0x00000000b4cd0000)
 concurrent mark-sweep generation total 174784K, used 16552K [0x00000000c4cc0000, 0x00000000cf770000, 0x00000000f0000000)
 concurrent-mark-sweep perm gen total 93328K, used 59481K [0x00000000f0000000, 0x00000000f5b24000, 0x0000000100000000)
Event: 45.951 GC heap after
Heap after GC invocations=14 (full 3):
 par new generation   total 78656K, used 7394K [0x00000000b0000000, 0x00000000b5550000, 0x00000000c4cc0000)
  eden space 69952K,   0% used [0x00000000b0000000, 0x00000000b0000000, 0x00000000b4450000)
  from space 8704K,  84% used [0x00000000b4450000, 0x00000000b4b88b78, 0x00000000b4cd0000)
  to   space 8704K,   0% used [0x00000000b4cd0000, 0x00000000b4cd0000, 0x00000000b5550000)
 concurrent mark-sweep generation total 174784K, used 16552K [0x00000000c4cc0000, 0x00000000cf770000, 0x00000000f0000000)
 concurrent-mark-sweep perm gen total 93328K, used 59481K [0x00000000f0000000, 0x00000000f5b24000, 0x0000000100000000)
}
Event: 46.394 GC heap before
{Heap before GC invocations=14 (full 3):
 par new generation   total 78656K, used 77346K [0x00000000b0000000, 0x00000000b5550000, 0x00000000c4cc0000)
  eden space 69952K, 100% used [0x00000000b0000000, 0x00000000b4450000, 0x00000000b4450000)
  from space 8704K,  84% used [0x00000000b4450000, 0x00000000b4b88b78, 0x00000000b4cd0000)
  to   space 8704K,   0% used [0x00000000b4cd0000, 0x00000000b4cd0000, 0x00000000b5550000)
 concurrent mark-sweep generation total 174784K, used 16552K [0x00000000c4cc0000, 0x00000000cf770000, 0x00000000f0000000)
 concurrent-mark-sweep perm gen total 93328K, used 59507K [0x00000000f0000000, 0x00000000f5b24000, 0x0000000100000000)
Event: 46.402 GC heap after
Heap after GC invocations=15 (full 3):
 par new generation   total 78656K, used 3850K [0x00000000b0000000, 0x00000000b5550000, 0x00000000c4cc0000)
  eden space 69952K,   0% used [0x00000000b0000000, 0x00000000b0000000, 0x00000000b4450000)
  from space 8704K,  44% used [0x00000000b4cd0000, 0x00000000b5092a38, 0x00000000b5550000)
  to   space 8704K,   0% used [0x00000000b4450000, 0x00000000b4450000, 0x00000000b4cd0000)
 concurrent mark-sweep generation total 174784K, used 18533K [0x00000000c4cc0000, 0x00000000cf770000, 0x00000000f0000000)
 concurrent-mark-sweep perm gen total 93328K, used 59507K [0x00000000f0000000, 0x00000000f5b24000, 0x0000000100000000)
}
Event: 46.683 GC heap before
{Heap before GC invocations=15 (full 3):
 par new generation   total 78656K, used 73802K [0x00000000b0000000, 0x00000000b5550000, 0x00000000c4cc0000)
  eden space 69952K, 100% used [0x00000000b0000000, 0x00000000b4450000, 0x00000000b4450000)
  from space 8704K,  44% used [0x00000000b4cd0000, 0x00000000b5092a38, 0x00000000b5550000)
  to   space 8704K,   0% used [0x00000000b4450000, 0x00000000b4450000, 0x00000000b4cd0000)
 concurrent mark-sweep generation total 174784K, used 18533K [0x00000000c4cc0000, 0x00000000cf770000, 0x00000000f0000000)
 concurrent-mark-sweep perm gen total 93328K, used 60498K [0x00000000f0000000, 0x00000000f5b24000, 0x0000000100000000)
Event: 46.690 GC heap after
Heap after GC invocations=16 (full 3):
 par new generation   total 78656K, used 5507K [0x00000000b0000000, 0x00000000b5550000, 0x00000000c4cc0000)
  eden space 69952K,   0% used [0x00000000b0000000, 0x00000000b0000000, 0x00000000b4450000)
  from space 8704K,  63% used [0x00000000b4450000, 0x00000000b49b0d18, 0x00000000b4cd0000)
  to   space 8704K,   0% used [0x00000000b4cd0000, 0x00000000b4cd0000, 0x00000000b5550000)
 concurrent mark-sweep generation total 174784K, used 18905K [0x00000000c4cc0000, 0x00000000cf770000, 0x00000000f0000000)
 concurrent-mark-sweep perm gen total 93328K, used 60498K [0x00000000f0000000, 0x00000000f5b24000, 0x0000000100000000)
}
Event: 46.971 GC heap before
{Heap before GC invocations=16 (full 3):
 par new generation   total 78656K, used 75459K [0x00000000b0000000, 0x00000000b5550000, 0x00000000c4cc0000)
  eden space 69952K, 100% used [0x00000000b0000000, 0x00000000b4450000, 0x00000000b4450000)
  from space 8704K,  63% used [0x00000000b4450000, 0x00000000b49b0dd8, 0x00000000b4cd0000)
  to   space 8704K,   0% used [0x00000000b4cd0000, 0x00000000b4cd0000, 0x00000000b5550000)
 concurrent mark-sweep generation total 174784K, used 18905K [0x00000000c4cc0000, 0x00000000cf770000, 0x00000000f0000000)
 concurrent-mark-sweep perm gen total 93328K, used 60601K [0x00000000f0000000, 0x00000000f5b24000, 0x0000000100000000)
Event: 46.980 GC heap after
Heap after GC invocations=17 (full 3):
 par new generation   total 78656K, used 5982K [0x00000000b0000000, 0x00000000b5550000, 0x00000000c4cc0000)
  eden space 69952K,   0% used [0x00000000b0000000, 0x00000000b0000000, 0x00000000b4450000)
  from space 8704K,  68% used [0x00000000b4cd0000, 0x00000000b52a7b18, 0x00000000b5550000)
  to   space 8704K,   0% used [0x00000000b4450000, 0x00000000b4450000, 0x00000000b4cd0000)
 concurrent mark-sweep generation total 174784K, used 19095K [0x00000000c4cc0000, 0x00000000cf770000, 0x00000000f0000000)
 concurrent-mark-sweep perm gen total 93328K, used 60601K [0x00000000f0000000, 0x00000000f5b24000, 0x0000000100000000)
}
Event: 47.605 GC heap before
{Heap before GC invocations=17 (full 3):
 par new generation   total 78656K, used 26323K [0x00000000b0000000, 0x00000000b5550000, 0x00000000c4cc0000)
  eden space 69952K,  29% used [0x00000000b0000000, 0x00000000b13dd450, 0x00000000b4450000)
  from space 8704K,  68% used [0x00000000b4cd0000, 0x00000000b52a7b18, 0x00000000b5550000)
  to   space 8704K,   0% used [0x00000000b4450000, 0x00000000b4450000, 0x00000000b4cd0000)
 concurrent mark-sweep generation total 174784K, used 19095K [0x00000000c4cc0000, 0x00000000cf770000, 0x00000000f0000000)
 concurrent-mark-sweep perm gen total 93328K, used 60696K [0x00000000f0000000, 0x00000000f5b24000, 0x0000000100000000)

Deoptimization events (10 events):
Event: 45.512 Thread 0x000000000c858000 Uncommon trap -34 fr.pc 0x0000000002b9bcf8
Event: 45.512 Thread 0x000000000c858000 Uncommon trap -34 fr.pc 0x0000000002b9bcf8
Event: 45.644 Thread 0x000000000c858000 Uncommon trap -42 fr.pc 0x0000000002c8097c
Event: 45.644 Thread 0x000000000c858000 Uncommon trap -42 fr.pc 0x0000000002c8097c
Event: 45.644 Thread 0x000000000c858000 Uncommon trap -42 fr.pc 0x0000000002c80858
Event: 45.647 Thread 0x000000000c858000 Uncommon trap -34 fr.pc 0x0000000002c703b4
Event: 45.648 Thread 0x000000000c858000 Uncommon trap -34 fr.pc 0x0000000002c703b4
Event: 45.657 Thread 0x000000000c858000 Uncommon trap -34 fr.pc 0x0000000002c703b4
Event: 46.497 Thread 0x000000000c858000 Uncommon trap -58 fr.pc 0x0000000002bee150
Event: 46.809 Thread 0x000000000c858000 Uncommon trap -34 fr.pc 0x0000000002c703b4

Internal exceptions (10 events):
Event: 47.048 Thread 0x000000000e468800 Threw 0x00000000b039c3d0 at C:\jdk7u1_64p\jdk7u11\hotspot\src\share\vm\prims\jvm.cpp:1166
Event: 47.049 Thread 0x000000000e468800 Threw 0x00000000b03a0858 at C:\jdk7u1_64p\jdk7u11\hotspot\src\share\vm\prims\jvm.cpp:1166
Event: 47.049 Thread 0x000000000e468800 Threw 0x00000000b03a17e0 at C:\jdk7u1_64p\jdk7u11\hotspot\src\share\vm\prims\jvm.cpp:1166
Event: 47.049 Thread 0x000000000e468800 Threw 0x00000000b03a2d30 at C:\jdk7u1_64p\jdk7u11\hotspot\src\share\vm\prims\jvm.cpp:1166
Event: 47.049 Thread 0x000000000e468800 Threw 0x00000000b03a3360 at C:\jdk7u1_64p\jdk7u11\hotspot\src\share\vm\classfile\systemDictionary.cpp:179
Event: 47.050 Thread 0x000000000e468800 Threw 0x00000000b03a73f8 at C:\jdk7u1_64p\jdk7u11\hotspot\src\share\vm\prims\jvm.cpp:1166
Event: 47.052 Thread 0x000000000e468800 Threw 0x00000000b03a95f0 at C:\jdk7u1_64p\jdk7u11\hotspot\src\share\vm\prims\jvm.cpp:1166
Event: 47.053 Thread 0x000000000e468800 Threw 0x00000000b03abfd0 at C:\jdk7u1_64p\jdk7u11\hotspot\src\share\vm\prims\jvm.cpp:1166
Event: 47.152 Thread 0x000000000c858000 Threw 0x00000000b045bf28 at C:\jdk7u1_64p\jdk7u11\hotspot\src\share\vm\prims\jvm.cpp:1166
Event: 47.557 Thread 0x000000000c858000 Threw 0x00000000b12a5240 at C:\jdk7u1_64p\jdk7u11\hotspot\src\share\vm\prims\jvm.cpp:1166

Events (10 events):
Event: 47.561 Executing VM operation: RevokeBias done
Event: 47.563 Executing VM operation: RevokeBias
Event: 47.563 Executing VM operation: RevokeBias done
Event: 47.603 loading class 0x000000000c3873e0
Event: 47.603 loading class 0x0000000013289430
Event: 47.603 loading class 0x0000000013289430 done
Event: 47.603 loading class 0x000000000c3873e0 done
Event: 47.604 loading class 0x000000000c387980
Event: 47.604 loading class 0x000000000c387980 done
Event: 47.604 Executing VM operation: GenCollectFull


Dynamic libraries:
0x000000013f310000 - 0x000000013f343000 	C:\Program Files\Java\jdk1.7.0_11\bin\java.exe
0x0000000077ae0000 - 0x0000000077c89000 	C:\Windows\SYSTEM32\ntdll.dll
0x0000000077400000 - 0x000000007751f000 	C:\Windows\system32\kernel32.dll
0x000007fefe200000 - 0x000007fefe26b000 	C:\Windows\system32\KERNELBASE.dll
0x000007feff7e0000 - 0x000007feff8bb000 	C:\Windows\system32\ADVAPI32.dll
0x000007feffd50000 - 0x000007feffdef000 	C:\Windows\system32\msvcrt.dll
0x000007fefe3f0000 - 0x000007fefe40f000 	C:\Windows\SYSTEM32\sechost.dll
0x000007feff6b0000 - 0x000007feff7dd000 	C:\Windows\system32\RPCRT4.dll
0x0000000077890000 - 0x000000007798a000 	C:\Windows\system32\USER32.dll
0x000007feff940000 - 0x000007feff9a7000 	C:\Windows\system32\GDI32.dll
0x000007fefe310000 - 0x000007fefe31e000 	C:\Windows\system32\LPK.dll
0x000007feff5e0000 - 0x000007feff6a9000 	C:\Windows\system32\USP10.dll
0x000007fefc720000 - 0x000007fefc914000 	C:\Windows\WinSxS\amd64_microsoft.windows.common-controls_6595b64144ccf1df_6.0.7601.17514_none_fa396087175ac9ac\COMCTL32.dll
0x000007feff8c0000 - 0x000007feff931000 	C:\Windows\system32\SHLWAPI.dll
0x000007fefe320000 - 0x000007fefe34e000 	C:\Windows\system32\IMM32.DLL
0x000007feff9b0000 - 0x000007feffab9000 	C:\Windows\system32\MSCTF.dll
0x0000000180000000 - 0x00000001800ac000 	C:\Program Files\McAfee\Host Intrusion Prevention\HcApi.dll
0x0000000061d70000 - 0x0000000061d7b000 	C:\Program Files\McAfee\Host Intrusion Prevention\HcThe.dll
0x0000000077ea0000 - 0x0000000077f71000 	C:\Program Files\Java\jdk1.7.0_11\jre\bin\msvcr100.dll
0x000000006e150000 - 0x000000006e86f000 	C:\Program Files\Java\jdk1.7.0_11\jre\bin\server\jvm.dll
0x000007fefa650000 - 0x000007fefa659000 	C:\Windows\system32\WSOCK32.dll
0x000007feff580000 - 0x000007feff5cd000 	C:\Windows\system32\WS2_32.dll
0x0000000001ba0000 - 0x0000000001ba8000 	C:\Windows\system32\NSI.dll
0x000007fefc080000 - 0x000007fefc0bb000 	C:\Windows\system32\WINMM.dll
0x0000000077cb0000 - 0x0000000077cb7000 	C:\Windows\system32\PSAPI.DLL
0x0000000052400000 - 0x000000005243f000 	C:\Program Files\Java\jdk1.7.0_11\jre\bin\splashscreen.dll
0x000007fefc6c0000 - 0x000007fefc716000 	C:\Windows\system32\uxtheme.dll
0x000000006fe20000 - 0x000000006fe2f000 	C:\Program Files\Java\jdk1.7.0_11\jre\bin\verify.dll
0x0000000069190000 - 0x00000000691b8000 	C:\Program Files\Java\jdk1.7.0_11\jre\bin\java.dll
0x0000000052320000 - 0x0000000052355000 	C:\Program Files\Java\jdk1.7.0_11\jre\bin\jdwp.dll
0x00000000608d0000 - 0x00000000608d8000 	C:\Program Files\Java\jdk1.7.0_11\jre\bin\npt.dll
0x000000005cf90000 - 0x000000005cfa5000 	C:\Program Files\Java\jdk1.7.0_11\jre\bin\zip.dll
0x000007fefb3e0000 - 0x000007fefb3f7000 	C:\Program Files (x86)\TeamViewer\Version7\tv_x64.dll
0x000007fefe790000 - 0x000007feff518000 	C:\Windows\system32\SHELL32.dll
0x000007feffac0000 - 0x000007feffcc3000 	C:\Windows\system32\ole32.dll
0x000007fefde10000 - 0x000007fefde1f000 	C:\Windows\system32\CRYPTBASE.dll
0x000007fefe6f0000 - 0x000007fefe789000 	C:\Windows\system32\CLBCatQ.DLL
0x000007fefe430000 - 0x000007fefe507000 	C:\Windows\system32\OLEAUT32.dll
0x000000005cfe0000 - 0x000000005cfeb000 	C:\Program Files\Java\jdk1.7.0_11\jre\bin\dt_shmem.dll
0x000000006cd60000 - 0x000000006cef3000 	C:\Program Files\Java\jdk1.7.0_11\jre\bin\awt.dll
0x000007fefc2e0000 - 0x000007fefc2f8000 	C:\Windows\system32\dwmapi.dll
0x0000000051fa0000 - 0x0000000051fd4000 	C:\Program Files\Java\jdk1.7.0_11\jre\bin\fontmanager.dll
0x000007fefd810000 - 0x000007fefd827000 	C:\Windows\system32\CRYPTSP.dll
0x000007fefd510000 - 0x000007fefd557000 	C:\Windows\system32\rsaenh.dll
0x000007fefd280000 - 0x000007fefd29e000 	C:\Windows\system32\USERENV.dll
0x000007fefdf40000 - 0x000007fefdf4f000 	C:\Windows\system32\profapi.dll
0x0000000052e70000 - 0x0000000052e89000 	C:\Program Files\Java\jdk1.7.0_11\jre\bin\net.dll
0x000007fefd7b0000 - 0x000007fefd805000 	C:\Windows\system32\mswsock.dll
0x000007fefd7a0000 - 0x000007fefd7a7000 	C:\Windows\System32\wship6.dll
0x0000000055f20000 - 0x0000000055f31000 	C:\Program Files\Java\jdk1.7.0_11\jre\bin\nio.dll
0x000007fefbec0000 - 0x000007fefbed5000 	C:\Windows\system32\NLAapi.dll
0x000007fefa560000 - 0x000007fefa575000 	C:\Windows\system32\napinsp.dll
0x000007fefa540000 - 0x000007fefa559000 	C:\Windows\system32\pnrpnsp.dll
0x000007fefd630000 - 0x000007fefd68b000 	C:\Windows\system32\DNSAPI.dll
0x000007fefa530000 - 0x000007fefa53b000 	C:\Windows\System32\winrnr.dll
0x00000000522d0000 - 0x0000000052311000 	C:\Program Files\Java\jdk1.7.0_11\jre\bin\t2k.dll
0x000007fefd160000 - 0x000007fefd167000 	C:\Windows\System32\wshtcpip.dll
0x000007fefadc0000 - 0x000007fefade7000 	C:\Windows\system32\IPHLPAPI.DLL
0x000007fefadb0000 - 0x000007fefadbb000 	C:\Windows\system32\WINNSI.DLL
0x000007fefa7c0000 - 0x000007fefa7c8000 	C:\Windows\system32\rasadhlp.dll
0x000007fefac20000 - 0x000007fefac73000 	C:\Windows\System32\fwpuclnt.dll
0x0000000002660000 - 0x0000000002697000 	C:\Users\ThomasL\AppData\Local\Temp\jna7241618889556023602.dll
0x000007fee33f0000 - 0x000007fee35ef000 	C:\Windows\system32\d3d9.dll
0x000007fefd040000 - 0x000007fefd04c000 	C:\Windows\system32\VERSION.dll
0x000007fef9e20000 - 0x000007fef9e27000 	C:\Windows\system32\d3d8thk.dll
0x0000000070c70000 - 0x0000000070d60000 	C:\Windows\system32\aticfx64.dll
0x000007fef9b90000 - 0x000007fef9b9e000 	C:\Windows\system32\atiu9p64.dll
0x0000000067390000 - 0x0000000067acd000 	C:\Windows\system32\atiumd64.dll
0x0000000067d40000 - 0x0000000068207000 	C:\Windows\system32\atiumd6a.dll
0x000000006fea0000 - 0x000000006feca000 	C:\Program Files\Java\jdk1.7.0_11\jre\bin\dcpr.dll
0x0000000051e90000 - 0x0000000051f32000 	C:\Program Files\Java\jdk1.7.0_11\jre\bin\mlib_image.dll
0x000007fefc170000 - 0x000007fefc29a000 	C:\Windows\system32\WindowsCodecs.dll
0x000007fefdec0000 - 0x000007fefdf17000 	C:\Windows\system32\apphelp.dll
0x000007fefabe0000 - 0x000007fefac0a000 	C:\Users\ThomasL\AppData\Roaming\Dropbox\bin\DropboxExt64.17.dll
0x000007fefb9e0000 - 0x000007fefbb05000 	C:\Windows\system32\dbghelp.dll
0x0000000070d60000 - 0x0000000070e33000 	C:\Windows\WinSxS\amd64_microsoft.vc90.crt_1fc8b3b9a1e18e3b_9.0.30729.6161_none_08e61857a83bc251\MSVCP90.dll
0x0000000070bc0000 - 0x0000000070c63000 	C:\Windows\WinSxS\amd64_microsoft.vc90.crt_1fc8b3b9a1e18e3b_9.0.30729.6161_none_08e61857a83bc251\MSVCR90.dll
0x000007fef8f60000 - 0x000007fef8f95000 	C:\Windows\system32\EhStorShell.dll
0x000007fefe510000 - 0x000007fefe6e7000 	C:\Windows\system32\SETUPAPI.dll
0x000007fefe1c0000 - 0x000007fefe1f6000 	C:\Windows\system32\CFGMGR32.dll
0x000007fefe1a0000 - 0x000007fefe1ba000 	C:\Windows\system32\DEVOBJ.dll
0x000007fefc920000 - 0x000007fefca4c000 	C:\Windows\system32\PROPSYS.dll
0x000007fef5b30000 - 0x000007fef619f000 	C:\PROGRA~1\MICROS~1\Office14\GROOVEEX.DLL
0x0000000070b80000 - 0x0000000070baf000 	C:\Windows\WinSxS\amd64_microsoft.vc90.atl_1fc8b3b9a1e18e3b_9.0.30729.6161_none_0a1fd3a3a768b895\ATL90.DLL
0x000007fef5710000 - 0x000007fef5b2a000 	C:\PROGRA~1\COMMON~1\MICROS~1\OFFICE14\Cultures\office.odf
0x000007fef4e80000 - 0x000007fef570b000 	C:\PROGRA~1\MICROS~1\Office14\1031\GrooveIntlResource.dll
0x000007fef74a0000 - 0x000007fef751e000 	C:\Windows\System32\cscui.dll
0x000007fefb450000 - 0x000007fefb45c000 	C:\Windows\System32\CSCDLL.dll
0x000007fef86e0000 - 0x000007fef86ef000 	C:\Windows\system32\CSCAPI.dll
0x000007fefa5b0000 - 0x000007fefa650000 	C:\Windows\WinSxS\amd64_microsoft.windows.common-controls_6595b64144ccf1df_5.82.7601.17514_none_a4d6a923711520a9\comctl32.dll
0x000007fefce70000 - 0x000007fefce9d000 	C:\Windows\system32\ntmarta.dll
0x000007feff520000 - 0x000007feff572000 	C:\Windows\system32\WLDAP32.dll
0x000007fee6760000 - 0x000007fee68fc000 	C:\Windows\system32\NetworkExplorer.dll
0x000007fef8f20000 - 0x000007fef8f54000 	C:\Windows\System32\shdocvw.dll
0x000007fefbcd0000 - 0x000007fefbcdb000 	C:\Windows\system32\slc.dll
0x000007fefbbd0000 - 0x000007fefbbe8000 	C:\Windows\system32\MPR.dll
0x000007fefcc10000 - 0x000007fefcc1a000 	C:\Windows\System32\drprov.dll
0x000007fefd350000 - 0x000007fefd38d000 	C:\Windows\System32\WINSTA.dll
0x000007fefb660000 - 0x000007fefb682000 	C:\Windows\System32\ntlanman.dll
0x000007fefb640000 - 0x000007fefb65c000 	C:\Windows\System32\davclnt.dll
0x000007fefbb80000 - 0x000007fefbb8a000 	C:\Windows\System32\DAVHLPR.dll
0x000007fefb860000 - 0x000007fefb875000 	C:\Windows\system32\wkscli.dll
0x000007fefd440000 - 0x000007fefd44c000 	C:\Windows\system32\netutils.dll
0x000007fede650000 - 0x000007fede8c1000 	C:\Windows\system32\wpdshext.dll
0x000007fefc4a0000 - 0x000007fefc6b6000 	C:\Windows\WinSxS\amd64_microsoft.windows.gdiplus_6595b64144ccf1df_1.1.7601.17825_none_2b253c8271ec7765\gdiplus.dll
0x000007fef88b0000 - 0x000007fef896d000 	C:\Windows\system32\PortableDeviceApi.dll
0x000007fefdff0000 - 0x000007fefe029000 	C:\Windows\system32\WINTRUST.dll
0x000007fefe030000 - 0x000007fefe19a000 	C:\Windows\system32\CRYPT32.dll
0x000007fefdfe0000 - 0x000007fefdfef000 	C:\Windows\system32\MSASN1.dll
0x000007fef7d10000 - 0x000007fef7d49000 	C:\Windows\system32\PortableDeviceTypes.dll
0x000007fee8500000 - 0x000007fee8527000 	C:\Windows\system32\EhStorAPI.dll
0x000007fefbb20000 - 0x000007fefbb2c000 	C:\Windows\system32\LINKINFO.dll
0x000000006fe90000 - 0x000000006fe97000 	C:\Program Files\Java\jdk1.7.0_11\jre\bin\jawt.dll
0x000000000b510000 - 0x000000000b54e000 	C:\Users\ThomasL\Documents\NetBeansProjects\VRL-Studio\VRL-Studio\natives\windows\x64\j3dcore-ogl.dll
0x000007fee1c60000 - 0x000007fee1d7d000 	C:\Windows\system32\OPENGL32.dll
0x000007fef80e0000 - 0x000007fef810d000 	C:\Windows\system32\GLU32.dll
0x000007fee2c10000 - 0x000007fee2d01000 	C:\Windows\system32\DDRAW.dll
0x000007fef95e0000 - 0x000007fef95e8000 	C:\Windows\system32\DCIMAN32.dll
0x000007fef8160000 - 0x000007fef8169000 	C:\Windows\system32\atig6pxx.dll
0x0000000017ae0000 - 0x0000000019460000 	C:\Windows\system32\atio6axx.dll
0x000007fef8a70000 - 0x000007fef8af9000 	C:\Windows\system32\atiadlxx.dll
0x000007fefd140000 - 0x000007fefd151000 	C:\Windows\system32\WTSAPI32.dll
0x000007fef80d0000 - 0x000007fef80de000 	C:\Windows\system32\atig6txx.dll

VM Arguments:
jvm_args: -Xdebug -Xrunjdwp:transport=dt_shmem,address=javadebug -Dfile.encoding=UTF-8 -Xms256m -Xmx1024m -Djava.library.path=natives/windows/x64 -XX:+UseConcMarkSweepGC -XX:+CMSClassUnloadingEnabled -XX:+CMSPermGenSweepingEnabled -XX:MaxPermSize=256m 
java_command: eu.mihosoft.vrlstudio.main.Studio
Launcher Type: SUN_STANDARD

Environment Variables:
CLASSPATH=.;C:\Program Files (x86)\Java\jre7\lib\ext\QTJava.zip
PATH=C:\Program Files\Perl64\site\bin;C:\Program Files\Perl64\bin;C:\Program Files (x86)\AMD APP\bin\x86_64;C:\Program Files (x86)\AMD APP\bin\x86;C:\Windows\system32;C:\Windows;C:\Windows\System32\Wbem;C:\Windows\System32\WindowsPowerShell\v1.0\;C:\Program Files (x86)\ATI Technologies\ATI.ACE\Core-Static;C:\Program Files (x86)\Common Files\Roxio Shared\DLLShared\;C:\Program Files (x86)\Common Files\Roxio Shared\DLLShared\;C:\Program Files (x86)\Common Files\Roxio Shared\9.0\DLLShared\;C:\Program Files (x86)\Microsoft Team Foundation Server 2010 Power Tools\;C:\Program Files (x86)\Microsoft Team Foundation Server 2010 Power Tools\Best Practices Analyzer\;C:\Program Files (x86)\GdPicture.NET 9\Redist;C:\Program Files (x86)\QuickTime\QTSystem\;C:\Program Files (x86)\GdPicture.NET 9\Redist
USERNAME=ThomasL
OS=Windows_NT
PROCESSOR_IDENTIFIER=Intel64 Family 6 Model 23 Stepping 10, GenuineIntel



---------------  S Y S T E M  ---------------

OS: Windows 7 , 64 bit Build 7601 Service Pack 1

CPU:total 4 (4 cores per cpu, 1 threads per core) family 6 model 23 stepping 10, cmov, cx8, fxsr, mmx, sse, sse2, sse3, ssse3, sse4.1, tsc

Memory: 4k page, physical 6024444k(1707192k free), swap 12047032k(7135516k free)

vm_info: Java HotSpot(TM) 64-Bit Server VM (23.6-b04) for windows-amd64 JRE (1.7.0_11-b21), built on Jan 12 2013 02:38:42 by "java_re" with unknown MS VC++:1600

time: Fri May 17 08:35:46 2013
elapsed time: 47 seconds

